13:41:03.366 [main] INFO  c.g.pay.AggPayWebApplicationTests - Starting AggPayWebApplicationTests on LAPTOP-DHQVS64H with PID 1964 (started by asus in F:\BZ_agg-pay-web\BZ_agg-pay-web)
13:41:03.367 [main] INFO  c.g.pay.AggPayWebApplicationTests - The following profiles are active: dev2
13:41:03.535 [main] INFO  o.s.w.c.s.GenericWebApplicationContext - Refreshing org.springframework.web.context.support.GenericWebApplicationContext@418c5a9c: startup date [Fri Dec 20 13:41:03 CST 2019]; root of context hierarchy
13:41:03.535 [main] INFO  o.s.w.c.s.GenericWebApplicationContext - Refreshing org.springframework.web.context.support.GenericWebApplicationContext@418c5a9c: startup date [Fri Dec 20 13:41:03 CST 2019]; root of context hierarchy
13:41:04.214 [main] WARN  o.m.s.mapper.ClassPathMapperScanner - No MyBatis mapper was found in '[com.ggeit.pay]' package. Please check your configuration.
13:41:05.006 [main] INFO  c.a.d.s.b.a.DruidDataSourceAutoConfigure - Init DruidDataSource
13:41:05.615 [main] INFO  c.alibaba.druid.pool.DruidDataSource - {dataSource-1} inited
13:41:06.476 [main] INFO  o.s.w.s.m.m.a.RequestMappingHandlerAdapter - Looking for @ControllerAdvice: org.springframework.web.context.support.GenericWebApplicationContext@418c5a9c: startup date [Fri Dec 20 13:41:03 CST 2019]; root of context hierarchy
13:41:06.476 [main] INFO  o.s.w.s.m.m.a.RequestMappingHandlerAdapter - Looking for @ControllerAdvice: org.springframework.web.context.support.GenericWebApplicationContext@418c5a9c: startup date [Fri Dec 20 13:41:03 CST 2019]; root of context hierarchy
13:41:06.554 [main] INFO  o.s.w.s.m.m.a.RequestMappingHandlerMapping - Mapped "{[/bz_data/bz_Alipay],methods=[GET]}" onto public java.lang.String com.ggeit.pay.controller.bz_HisController.index(javax.servlet.http.HttpServletRequest,javax.servlet.http.HttpServletResponse,java.lang.String,java.lang.String,java.lang.String,java.lang.String,java.lang.String,java.lang.String,java.util.Map<java.lang.String, java.lang.Object>) throws java.lang.Exception
13:41:06.554 [main] INFO  o.s.w.s.m.m.a.RequestMappingHandlerMapping - Mapped "{[/bz_data/bz_Alipay],methods=[GET]}" onto public java.lang.String com.ggeit.pay.controller.bz_HisController.index(javax.servlet.http.HttpServletRequest,javax.servlet.http.HttpServletResponse,java.lang.String,java.lang.String,java.lang.String,java.lang.String,java.lang.String,java.lang.String,java.util.Map<java.lang.String, java.lang.Object>) throws java.lang.Exception
13:41:06.556 [main] INFO  o.s.w.s.m.m.a.RequestMappingHandlerMapping - Mapped "{[/bz_data/failure],methods=[GET]}" onto public java.lang.String com.ggeit.pay.controller.bz_HisController.failure(java.util.Map<java.lang.String, java.lang.Object>,java.lang.String,java.lang.String)
13:41:06.556 [main] INFO  o.s.w.s.m.m.a.RequestMappingHandlerMapping - Mapped "{[/bz_data/failure],methods=[GET]}" onto public java.lang.String com.ggeit.pay.controller.bz_HisController.failure(java.util.Map<java.lang.String, java.lang.Object>,java.lang.String,java.lang.String)
13:41:06.556 [main] INFO  o.s.w.s.m.m.a.RequestMappingHandlerMapping - Mapped "{[/bz_data/success],methods=[GET]}" onto public java.lang.String com.ggeit.pay.controller.bz_HisController.success(java.util.Map<java.lang.String, java.lang.Object>,java.lang.String)
13:41:06.556 [main] INFO  o.s.w.s.m.m.a.RequestMappingHandlerMapping - Mapped "{[/bz_data/success],methods=[GET]}" onto public java.lang.String com.ggeit.pay.controller.bz_HisController.success(java.util.Map<java.lang.String, java.lang.Object>,java.lang.String)
13:41:06.557 [main] INFO  o.s.w.s.m.m.a.RequestMappingHandlerMapping - Mapped "{[/bz_data/bz_Wxpay],methods=[GET]}" onto public java.lang.String com.ggeit.pay.controller.bz_HisController.wxpay2his(javax.servlet.http.HttpServletRequest,javax.servlet.http.HttpServletResponse,java.lang.String,java.lang.String,java.lang.String,java.lang.String,java.lang.String,java.util.Map<java.lang.String, java.lang.Object>) throws java.lang.Exception
13:41:06.557 [main] INFO  o.s.w.s.m.m.a.RequestMappingHandlerMapping - Mapped "{[/bz_data/bz_Wxpay],methods=[GET]}" onto public java.lang.String com.ggeit.pay.controller.bz_HisController.wxpay2his(javax.servlet.http.HttpServletRequest,javax.servlet.http.HttpServletResponse,java.lang.String,java.lang.String,java.lang.String,java.lang.String,java.lang.String,java.util.Map<java.lang.String, java.lang.Object>) throws java.lang.Exception
13:41:06.559 [main] INFO  o.s.w.s.m.m.a.RequestMappingHandlerMapping - Mapped "{[/data/doalipay],methods=[POST]}" onto public java.util.Map<java.lang.String, java.lang.String> com.ggeit.pay.controller.DataController.doAliPay(java.lang.String,java.lang.String)
13:41:06.559 [main] INFO  o.s.w.s.m.m.a.RequestMappingHandlerMapping - Mapped "{[/data/doalipay],methods=[POST]}" onto public java.util.Map<java.lang.String, java.lang.String> com.ggeit.pay.controller.DataController.doAliPay(java.lang.String,java.lang.String)
13:41:06.560 [main] INFO  o.s.w.s.m.m.a.RequestMappingHandlerMapping - Mapped "{[/data/dowxpay],methods=[POST]}" onto public java.util.Map<java.lang.String, java.lang.Object> com.ggeit.pay.controller.DataController.doWxPay(java.lang.String,java.lang.String,java.lang.String,java.lang.String,java.lang.String) throws java.lang.Exception
13:41:06.560 [main] INFO  o.s.w.s.m.m.a.RequestMappingHandlerMapping - Mapped "{[/data/dowxpay],methods=[POST]}" onto public java.util.Map<java.lang.String, java.lang.Object> com.ggeit.pay.controller.DataController.doWxPay(java.lang.String,java.lang.String,java.lang.String,java.lang.String,java.lang.String) throws java.lang.Exception
13:41:06.561 [main] INFO  o.s.w.s.m.m.a.RequestMappingHandlerMapping - Mapped "{[/lay/index],methods=[GET]}" onto public java.lang.String com.ggeit.pay.controller.LayerController.index(javax.servlet.http.HttpServletRequest,javax.servlet.http.HttpServletResponse,java.lang.String,java.lang.String,java.util.Map<java.lang.String, java.lang.Object>) throws java.lang.Exception
13:41:06.561 [main] INFO  o.s.w.s.m.m.a.RequestMappingHandlerMapping - Mapped "{[/lay/index],methods=[GET]}" onto public java.lang.String com.ggeit.pay.controller.LayerController.index(javax.servlet.http.HttpServletRequest,javax.servlet.http.HttpServletResponse,java.lang.String,java.lang.String,java.util.Map<java.lang.String, java.lang.Object>) throws java.lang.Exception
13:41:06.562 [main] INFO  o.s.w.s.m.m.a.RequestMappingHandlerMapping - Mapped "{[/lay/wxcallback],methods=[GET]}" onto public java.lang.String com.ggeit.pay.controller.LayerController.doWxCallBack(javax.servlet.http.HttpServletRequest,javax.servlet.http.HttpServletResponse,java.lang.String,java.lang.String,java.lang.String,java.lang.String,java.lang.String,java.util.Map<java.lang.String, java.lang.Object>) throws java.lang.Exception
13:41:06.562 [main] INFO  o.s.w.s.m.m.a.RequestMappingHandlerMapping - Mapped "{[/lay/wxcallback],methods=[GET]}" onto public java.lang.String com.ggeit.pay.controller.LayerController.doWxCallBack(javax.servlet.http.HttpServletRequest,javax.servlet.http.HttpServletResponse,java.lang.String,java.lang.String,java.lang.String,java.lang.String,java.lang.String,java.util.Map<java.lang.String, java.lang.Object>) throws java.lang.Exception
13:41:06.562 [main] INFO  o.s.w.s.m.m.a.RequestMappingHandlerMapping - Mapped "{[/lay/alicallback],methods=[GET]}" onto public java.lang.String com.ggeit.pay.controller.LayerController.doAliCallBack(javax.servlet.http.HttpServletRequest,javax.servlet.http.HttpServletResponse,java.lang.String,java.lang.String,java.lang.String,java.lang.String,java.lang.String,java.util.Map<java.lang.String, java.lang.Object>) throws java.lang.Exception
13:41:06.562 [main] INFO  o.s.w.s.m.m.a.RequestMappingHandlerMapping - Mapped "{[/lay/alicallback],methods=[GET]}" onto public java.lang.String com.ggeit.pay.controller.LayerController.doAliCallBack(javax.servlet.http.HttpServletRequest,javax.servlet.http.HttpServletResponse,java.lang.String,java.lang.String,java.lang.String,java.lang.String,java.lang.String,java.util.Map<java.lang.String, java.lang.Object>) throws java.lang.Exception
13:41:06.564 [main] INFO  o.s.w.s.m.m.a.RequestMappingHandlerMapping - Mapped "{[/error]}" onto public org.springframework.http.ResponseEntity<java.util.Map<java.lang.String, java.lang.Object>> org.springframework.boot.autoconfigure.web.BasicErrorController.error(javax.servlet.http.HttpServletRequest)
13:41:06.564 [main] INFO  o.s.w.s.m.m.a.RequestMappingHandlerMapping - Mapped "{[/error]}" onto public org.springframework.http.ResponseEntity<java.util.Map<java.lang.String, java.lang.Object>> org.springframework.boot.autoconfigure.web.BasicErrorController.error(javax.servlet.http.HttpServletRequest)
13:41:06.565 [main] INFO  o.s.w.s.m.m.a.RequestMappingHandlerMapping - Mapped "{[/error],produces=[text/html]}" onto public org.springframework.web.servlet.ModelAndView org.springframework.boot.autoconfigure.web.BasicErrorController.errorHtml(javax.servlet.http.HttpServletRequest,javax.servlet.http.HttpServletResponse)
13:41:06.565 [main] INFO  o.s.w.s.m.m.a.RequestMappingHandlerMapping - Mapped "{[/error],produces=[text/html]}" onto public org.springframework.web.servlet.ModelAndView org.springframework.boot.autoconfigure.web.BasicErrorController.errorHtml(javax.servlet.http.HttpServletRequest,javax.servlet.http.HttpServletResponse)
13:41:06.594 [main] INFO  o.s.w.s.h.SimpleUrlHandlerMapping - Mapped URL path [/webjars/**] onto handler of type [class org.springframework.web.servlet.resource.ResourceHttpRequestHandler]
13:41:06.594 [main] INFO  o.s.w.s.h.SimpleUrlHandlerMapping - Mapped URL path [/webjars/**] onto handler of type [class org.springframework.web.servlet.resource.ResourceHttpRequestHandler]
13:41:06.594 [main] INFO  o.s.w.s.h.SimpleUrlHandlerMapping - Mapped URL path [/**] onto handler of type [class org.springframework.web.servlet.resource.ResourceHttpRequestHandler]
13:41:06.594 [main] INFO  o.s.w.s.h.SimpleUrlHandlerMapping - Mapped URL path [/**] onto handler of type [class org.springframework.web.servlet.resource.ResourceHttpRequestHandler]
13:41:06.641 [main] INFO  o.s.w.s.h.SimpleUrlHandlerMapping - Mapped URL path [/**/favicon.ico] onto handler of type [class org.springframework.web.servlet.resource.ResourceHttpRequestHandler]
13:41:06.641 [main] INFO  o.s.w.s.h.SimpleUrlHandlerMapping - Mapped URL path [/**/favicon.ico] onto handler of type [class org.springframework.web.servlet.resource.ResourceHttpRequestHandler]
13:41:07.408 [main] INFO  c.g.pay.AggPayWebApplicationTests - Started AggPayWebApplicationTests in 4.625 seconds (JVM running for 5.939)
13:41:07.467 [Thread-2] INFO  o.s.w.c.s.GenericWebApplicationContext - Closing org.springframework.web.context.support.GenericWebApplicationContext@418c5a9c: startup date [Fri Dec 20 13:41:03 CST 2019]; root of context hierarchy
13:41:07.467 [Thread-2] INFO  o.s.w.c.s.GenericWebApplicationContext - Closing org.springframework.web.context.support.GenericWebApplicationContext@418c5a9c: startup date [Fri Dec 20 13:41:03 CST 2019]; root of context hierarchy
13:41:07.472 [Thread-2] INFO  c.alibaba.druid.pool.DruidDataSource - {dataSource-1} closed
