08:29:09.467 [main] INFO  c.g.pay.AggPayWebApplicationTests - Starting AggPayWebApplicationTests on LAPTOP-DHQVS64H with PID 13776 (started by asus in F:\BZ_agg-pay-web\BZ_agg-pay-web)
08:29:09.468 [main] INFO  c.g.pay.AggPayWebApplicationTests - The following profiles are active: dev2
08:29:09.888 [main] INFO  o.s.w.c.s.GenericWebApplicationContext - Refreshing org.springframework.web.context.support.GenericWebApplicationContext@418c5a9c: startup date [Thu Jan 02 08:29:09 CST 2020]; root of context hierarchy
08:29:09.888 [main] INFO  o.s.w.c.s.GenericWebApplicationContext - Refreshing org.springframework.web.context.support.GenericWebApplicationContext@418c5a9c: startup date [Thu Jan 02 08:29:09 CST 2020]; root of context hierarchy
08:29:10.675 [main] WARN  o.m.s.mapper.ClassPathMapperScanner - No MyBatis mapper was found in '[com.ggeit.pay]' package. Please check your configuration.
08:29:11.289 [main] INFO  c.a.d.s.b.a.DruidDataSourceAutoConfigure - Init DruidDataSource
08:29:11.803 [main] INFO  c.alibaba.druid.pool.DruidDataSource - {dataSource-1} inited
08:29:12.786 [main] INFO  o.s.w.s.m.m.a.RequestMappingHandlerAdapter - Looking for @ControllerAdvice: org.springframework.web.context.support.GenericWebApplicationContext@418c5a9c: startup date [Thu Jan 02 08:29:09 CST 2020]; root of context hierarchy
08:29:12.786 [main] INFO  o.s.w.s.m.m.a.RequestMappingHandlerAdapter - Looking for @ControllerAdvice: org.springframework.web.context.support.GenericWebApplicationContext@418c5a9c: startup date [Thu Jan 02 08:29:09 CST 2020]; root of context hierarchy
08:29:12.857 [main] INFO  o.s.w.s.m.m.a.RequestMappingHandlerMapping - Mapped "{[/bz_data/bz_Alipay],methods=[GET]}" onto public java.lang.String com.ggeit.pay.controller.bz_HisController.index(javax.servlet.http.HttpServletRequest,javax.servlet.http.HttpServletResponse,java.lang.String,java.lang.String,java.lang.String,java.lang.String,java.lang.String,java.lang.String,java.util.Map<java.lang.String, java.lang.Object>) throws java.lang.Exception
08:29:12.857 [main] INFO  o.s.w.s.m.m.a.RequestMappingHandlerMapping - Mapped "{[/bz_data/bz_Alipay],methods=[GET]}" onto public java.lang.String com.ggeit.pay.controller.bz_HisController.index(javax.servlet.http.HttpServletRequest,javax.servlet.http.HttpServletResponse,java.lang.String,java.lang.String,java.lang.String,java.lang.String,java.lang.String,java.lang.String,java.util.Map<java.lang.String, java.lang.Object>) throws java.lang.Exception
08:29:12.858 [main] INFO  o.s.w.s.m.m.a.RequestMappingHandlerMapping - Mapped "{[/bz_data/failure],methods=[GET]}" onto public java.lang.String com.ggeit.pay.controller.bz_HisController.failure(java.util.Map<java.lang.String, java.lang.Object>,java.lang.String,java.lang.String)
08:29:12.858 [main] INFO  o.s.w.s.m.m.a.RequestMappingHandlerMapping - Mapped "{[/bz_data/failure],methods=[GET]}" onto public java.lang.String com.ggeit.pay.controller.bz_HisController.failure(java.util.Map<java.lang.String, java.lang.Object>,java.lang.String,java.lang.String)
08:29:12.859 [main] INFO  o.s.w.s.m.m.a.RequestMappingHandlerMapping - Mapped "{[/bz_data/bz_Wxpay],methods=[GET]}" onto public java.lang.String com.ggeit.pay.controller.bz_HisController.wxpay2his(javax.servlet.http.HttpServletRequest,javax.servlet.http.HttpServletResponse,java.lang.String,java.lang.String,java.lang.String,java.lang.String,java.lang.String,java.util.Map<java.lang.String, java.lang.Object>) throws java.lang.Exception
08:29:12.859 [main] INFO  o.s.w.s.m.m.a.RequestMappingHandlerMapping - Mapped "{[/bz_data/bz_Wxpay],methods=[GET]}" onto public java.lang.String com.ggeit.pay.controller.bz_HisController.wxpay2his(javax.servlet.http.HttpServletRequest,javax.servlet.http.HttpServletResponse,java.lang.String,java.lang.String,java.lang.String,java.lang.String,java.lang.String,java.util.Map<java.lang.String, java.lang.Object>) throws java.lang.Exception
08:29:12.859 [main] INFO  o.s.w.s.m.m.a.RequestMappingHandlerMapping - Mapped "{[/bz_data/success],methods=[GET]}" onto public java.lang.String com.ggeit.pay.controller.bz_HisController.success(java.util.Map<java.lang.String, java.lang.Object>,java.lang.String)
08:29:12.859 [main] INFO  o.s.w.s.m.m.a.RequestMappingHandlerMapping - Mapped "{[/bz_data/success],methods=[GET]}" onto public java.lang.String com.ggeit.pay.controller.bz_HisController.success(java.util.Map<java.lang.String, java.lang.Object>,java.lang.String)
08:29:12.861 [main] INFO  o.s.w.s.m.m.a.RequestMappingHandlerMapping - Mapped "{[/data/doalipay],methods=[POST]}" onto public java.util.Map<java.lang.String, java.lang.String> com.ggeit.pay.controller.DataController.doAliPay(java.lang.String,java.lang.String)
08:29:12.861 [main] INFO  o.s.w.s.m.m.a.RequestMappingHandlerMapping - Mapped "{[/data/doalipay],methods=[POST]}" onto public java.util.Map<java.lang.String, java.lang.String> com.ggeit.pay.controller.DataController.doAliPay(java.lang.String,java.lang.String)
08:29:12.862 [main] INFO  o.s.w.s.m.m.a.RequestMappingHandlerMapping - Mapped "{[/data/dowxpay],methods=[POST]}" onto public java.util.Map<java.lang.String, java.lang.Object> com.ggeit.pay.controller.DataController.doWxPay(java.lang.String,java.lang.String,java.lang.String,java.lang.String,java.lang.String) throws java.lang.Exception
08:29:12.862 [main] INFO  o.s.w.s.m.m.a.RequestMappingHandlerMapping - Mapped "{[/data/dowxpay],methods=[POST]}" onto public java.util.Map<java.lang.String, java.lang.Object> com.ggeit.pay.controller.DataController.doWxPay(java.lang.String,java.lang.String,java.lang.String,java.lang.String,java.lang.String) throws java.lang.Exception
08:29:12.863 [main] INFO  o.s.w.s.m.m.a.RequestMappingHandlerMapping - Mapped "{[/lay/index],methods=[GET]}" onto public java.lang.String com.ggeit.pay.controller.LayerController.index(javax.servlet.http.HttpServletRequest,javax.servlet.http.HttpServletResponse,java.lang.String,java.lang.String,java.util.Map<java.lang.String, java.lang.Object>) throws java.lang.Exception
08:29:12.863 [main] INFO  o.s.w.s.m.m.a.RequestMappingHandlerMapping - Mapped "{[/lay/index],methods=[GET]}" onto public java.lang.String com.ggeit.pay.controller.LayerController.index(javax.servlet.http.HttpServletRequest,javax.servlet.http.HttpServletResponse,java.lang.String,java.lang.String,java.util.Map<java.lang.String, java.lang.Object>) throws java.lang.Exception
08:29:12.864 [main] INFO  o.s.w.s.m.m.a.RequestMappingHandlerMapping - Mapped "{[/lay/wxcallback],methods=[GET]}" onto public java.lang.String com.ggeit.pay.controller.LayerController.doWxCallBack(javax.servlet.http.HttpServletRequest,javax.servlet.http.HttpServletResponse,java.lang.String,java.lang.String,java.lang.String,java.lang.String,java.lang.String,java.util.Map<java.lang.String, java.lang.Object>) throws java.lang.Exception
08:29:12.864 [main] INFO  o.s.w.s.m.m.a.RequestMappingHandlerMapping - Mapped "{[/lay/wxcallback],methods=[GET]}" onto public java.lang.String com.ggeit.pay.controller.LayerController.doWxCallBack(javax.servlet.http.HttpServletRequest,javax.servlet.http.HttpServletResponse,java.lang.String,java.lang.String,java.lang.String,java.lang.String,java.lang.String,java.util.Map<java.lang.String, java.lang.Object>) throws java.lang.Exception
08:29:12.864 [main] INFO  o.s.w.s.m.m.a.RequestMappingHandlerMapping - Mapped "{[/lay/alicallback],methods=[GET]}" onto public java.lang.String com.ggeit.pay.controller.LayerController.doAliCallBack(javax.servlet.http.HttpServletRequest,javax.servlet.http.HttpServletResponse,java.lang.String,java.lang.String,java.lang.String,java.lang.String,java.lang.String,java.util.Map<java.lang.String, java.lang.Object>) throws java.lang.Exception
08:29:12.864 [main] INFO  o.s.w.s.m.m.a.RequestMappingHandlerMapping - Mapped "{[/lay/alicallback],methods=[GET]}" onto public java.lang.String com.ggeit.pay.controller.LayerController.doAliCallBack(javax.servlet.http.HttpServletRequest,javax.servlet.http.HttpServletResponse,java.lang.String,java.lang.String,java.lang.String,java.lang.String,java.lang.String,java.util.Map<java.lang.String, java.lang.Object>) throws java.lang.Exception
08:29:12.866 [main] INFO  o.s.w.s.m.m.a.RequestMappingHandlerMapping - Mapped "{[/error]}" onto public org.springframework.http.ResponseEntity<java.util.Map<java.lang.String, java.lang.Object>> org.springframework.boot.autoconfigure.web.BasicErrorController.error(javax.servlet.http.HttpServletRequest)
08:29:12.866 [main] INFO  o.s.w.s.m.m.a.RequestMappingHandlerMapping - Mapped "{[/error]}" onto public org.springframework.http.ResponseEntity<java.util.Map<java.lang.String, java.lang.Object>> org.springframework.boot.autoconfigure.web.BasicErrorController.error(javax.servlet.http.HttpServletRequest)
08:29:12.867 [main] INFO  o.s.w.s.m.m.a.RequestMappingHandlerMapping - Mapped "{[/error],produces=[text/html]}" onto public org.springframework.web.servlet.ModelAndView org.springframework.boot.autoconfigure.web.BasicErrorController.errorHtml(javax.servlet.http.HttpServletRequest,javax.servlet.http.HttpServletResponse)
08:29:12.867 [main] INFO  o.s.w.s.m.m.a.RequestMappingHandlerMapping - Mapped "{[/error],produces=[text/html]}" onto public org.springframework.web.servlet.ModelAndView org.springframework.boot.autoconfigure.web.BasicErrorController.errorHtml(javax.servlet.http.HttpServletRequest,javax.servlet.http.HttpServletResponse)
08:29:12.891 [main] INFO  o.s.w.s.h.SimpleUrlHandlerMapping - Mapped URL path [/webjars/**] onto handler of type [class org.springframework.web.servlet.resource.ResourceHttpRequestHandler]
08:29:12.891 [main] INFO  o.s.w.s.h.SimpleUrlHandlerMapping - Mapped URL path [/webjars/**] onto handler of type [class org.springframework.web.servlet.resource.ResourceHttpRequestHandler]
08:29:12.891 [main] INFO  o.s.w.s.h.SimpleUrlHandlerMapping - Mapped URL path [/**] onto handler of type [class org.springframework.web.servlet.resource.ResourceHttpRequestHandler]
08:29:12.891 [main] INFO  o.s.w.s.h.SimpleUrlHandlerMapping - Mapped URL path [/**] onto handler of type [class org.springframework.web.servlet.resource.ResourceHttpRequestHandler]
08:29:12.930 [main] INFO  o.s.w.s.h.SimpleUrlHandlerMapping - Mapped URL path [/**/favicon.ico] onto handler of type [class org.springframework.web.servlet.resource.ResourceHttpRequestHandler]
08:29:12.930 [main] INFO  o.s.w.s.h.SimpleUrlHandlerMapping - Mapped URL path [/**/favicon.ico] onto handler of type [class org.springframework.web.servlet.resource.ResourceHttpRequestHandler]
08:29:13.692 [main] INFO  c.g.pay.AggPayWebApplicationTests - Started AggPayWebApplicationTests in 5.376 seconds (JVM running for 6.678)
08:29:13.740 [Thread-2] INFO  o.s.w.c.s.GenericWebApplicationContext - Closing org.springframework.web.context.support.GenericWebApplicationContext@418c5a9c: startup date [Thu Jan 02 08:29:09 CST 2020]; root of context hierarchy
08:29:13.740 [Thread-2] INFO  o.s.w.c.s.GenericWebApplicationContext - Closing org.springframework.web.context.support.GenericWebApplicationContext@418c5a9c: startup date [Thu Jan 02 08:29:09 CST 2020]; root of context hierarchy
08:29:13.744 [Thread-2] INFO  c.alibaba.druid.pool.DruidDataSource - {dataSource-1} closed
